TN:
SF:src/modules/establishments/services/CreateEstablishmentService.ts
FN:11,(anonymous_18)
FN:12,CreateEstablishmentService
FN:17,(anonymous_20)
FNF:3
FNH:3
FNDA:1,(anonymous_18)
FNDA:1,CreateEstablishmentService
FNDA:1,(anonymous_20)
DA:1,1
DA:2,1
DA:3,1
DA:7,1
DA:8,1
DA:10,1
DA:11,1
DA:14,1
DA:17,1
DA:19,1
DA:20,1
DA:21,1
DA:22,1
DA:23,1
DA:24,1
DA:25,1
DA:26,1
DA:27,1
DA:28,1
DA:29,1
DA:30,1
DA:31,1
DA:32,1
DA:34,1
DA:35,0
DA:36,0
DA:38,0
DA:48,0
DA:50,0
DA:51,0
DA:54,0
DA:66,0
DA:73,1
LF:33
LH:25
BRDA:50,0,0,0
BRDA:50,0,1,0
BRF:2
BRH:0
end_of_record
TN:
SF:src/modules/users/services/AuthenticateUserService.ts
FN:22,(anonymous_18)
FN:24,AuthenticateUserService
FN:29,(anonymous_20)
FNF:3
FNH:0
FNDA:0,(anonymous_18)
FNDA:0,AuthenticateUserService
FNDA:0,(anonymous_20)
DA:1,0
DA:2,0
DA:4,0
DA:5,0
DA:6,0
DA:22,0
DA:26,0
DA:29,0
DA:30,0
DA:32,0
DA:34,0
DA:36,0
DA:37,0
DA:40,0
DA:42,0
DA:47,0
DA:49,0
DA:51,0
LF:18
LH:0
BRDA:30,0,0,0
BRDA:32,1,0,0
BRDA:32,1,1,0
BRDA:36,2,0,0
BRDA:36,2,1,0
BRF:5
BRH:0
end_of_record
TN:
SF:src/modules/users/services/CreateCustomerService.ts
FN:19,(anonymous_24)
FN:21,CreateCustomerService
FN:29,(anonymous_26)
FNF:3
FNH:0
FNDA:0,(anonymous_24)
FNDA:0,CreateCustomerService
FNDA:0,(anonymous_26)
DA:1,0
DA:2,0
DA:3,0
DA:19,0
DA:23,0
DA:26,0
DA:29,0
DA:30,0
DA:31,0
DA:32,0
DA:33,0
DA:34,0
DA:35,0
DA:38,0
DA:40,0
DA:42,0
DA:48,0
DA:52,0
DA:54,0
DA:56,0
DA:58,0
DA:70,0
DA:72,0
DA:74,0
LF:24
LH:0
BRDA:38,0,0,0
BRDA:52,1,0,0
BRDA:52,1,1,0
BRDA:54,2,0,0
BRDA:54,2,1,0
BRF:5
BRH:0
end_of_record
TN:
SF:src/modules/users/services/CreateEmployeeService.ts
FN:22,(anonymous_24)
FN:23,CreateEmployeeService
FN:31,(anonymous_26)
FNF:3
FNH:1
FNDA:1,(anonymous_24)
FNDA:0,CreateEmployeeService
FNDA:0,(anonymous_26)
DA:2,1
DA:4,1
DA:7,1
DA:22,1
DA:25,0
DA:28,0
DA:31,1
DA:32,0
DA:33,0
DA:34,0
DA:35,0
DA:36,0
DA:37,0
DA:38,0
DA:40,0
DA:42,0
DA:44,0
DA:50,0
DA:54,0
DA:56,0
DA:58,0
DA:59,0
DA:62,0
DA:64,0
DA:76,0
DA:78,1
DA:80,1
LF:27
LH:7
BRDA:40,0,0,0
BRDA:54,1,0,0
BRDA:54,1,1,0
BRDA:56,2,0,0
BRDA:56,2,1,0
BRDA:58,3,0,0
BRDA:58,3,1,0
BRDA:58,4,0,0
BRDA:58,4,1,0
BRF:9
BRH:0
end_of_record
