TN:
SF:src/modules/establishments/services/CreateEstablishmentService.ts
FN:9,(anonymous_18)
FN:10,CreateEstablishmentService
FN:15,(anonymous_20)
FNF:3
FNH:0
FNDA:0,(anonymous_18)
FNDA:0,CreateEstablishmentService
FNDA:0,(anonymous_20)
DA:1,0
DA:3,0
DA:9,0
DA:12,0
DA:15,0
DA:16,0
DA:17,0
DA:18,0
DA:19,0
DA:20,0
DA:21,0
DA:22,0
DA:23,0
DA:24,0
DA:26,0
DA:30,0
DA:31,0
DA:34,0
DA:46,0
DA:48,0
LF:20
LH:0
BRDA:26,0,0,0
BRDA:30,1,0,0
BRDA:30,1,1,0
BRF:3
BRH:0
end_of_record
TN:
SF:src/modules/establishments/services/CreateEstablishmentUserRepository.ts
FN:7,(anonymous_18)
FN:8,CreateEstablishmentUserRepository
FN:13,(anonymous_20)
FNF:3
FNH:0
FNDA:0,(anonymous_18)
FNDA:0,CreateEstablishmentUserRepository
FNDA:0,(anonymous_20)
DA:1,0
DA:2,0
DA:7,0
DA:10,0
DA:13,0
DA:14,0
DA:15,0
DA:17,0
DA:21,0
DA:22,0
DA:25,0
DA:30,0
DA:32,0
LF:13
LH:0
BRDA:17,0,0,0
BRDA:21,1,0,0
BRDA:21,1,1,0
BRF:3
BRH:0
end_of_record
TN:
SF:src/modules/users/services/AuthenticateUserService.ts
FN:23,(anonymous_18)
FN:24,AuthenticateUserService
FN:32,(anonymous_20)
FNF:3
FNH:3
FNDA:1,(anonymous_18)
FNDA:4,AuthenticateUserService
FNDA:4,(anonymous_20)
DA:1,1
DA:2,1
DA:5,1
DA:6,1
DA:23,1
DA:26,4
DA:29,4
DA:32,4
DA:33,4
DA:35,4
DA:37,2
DA:42,2
DA:43,1
DA:46,1
DA:48,1
DA:53,1
DA:55,1
DA:57,1
LF:18
LH:18
BRDA:33,0,0,4
BRDA:35,1,0,2
BRDA:35,1,1,2
BRDA:42,2,0,1
BRDA:42,2,1,1
BRF:5
BRH:5
end_of_record
TN:
SF:src/modules/users/services/CreateCustomerService.ts
FN:18,(anonymous_18)
FN:19,CreateCustomerService
FN:27,(anonymous_20)
FNF:3
FNH:3
FNDA:1,(anonymous_18)
FNDA:3,CreateCustomerService
FNDA:5,(anonymous_20)
DA:1,1
DA:2,1
DA:18,1
DA:21,3
DA:24,3
DA:27,1
DA:28,5
DA:29,5
DA:30,5
DA:31,5
DA:32,5
DA:33,5
DA:35,5
DA:37,5
DA:41,5
DA:42,1
DA:44,4
DA:45,1
DA:47,3
DA:49,3
DA:61,3
DA:63,1
DA:65,1
LF:23
LH:23
BRDA:35,0,0,5
BRDA:41,1,0,1
BRDA:41,1,1,4
BRDA:44,2,0,1
BRDA:44,2,1,3
BRF:5
BRH:5
end_of_record
TN:
SF:src/modules/users/services/CreateEmployeeService.ts
FN:19,(anonymous_18)
FN:20,CreateEmployeeService
FN:28,(anonymous_20)
FNF:3
FNH:0
FNDA:0,(anonymous_18)
FNDA:0,CreateEmployeeService
FNDA:0,(anonymous_20)
DA:1,0
DA:2,0
DA:19,0
DA:22,0
DA:25,0
DA:28,0
DA:29,0
DA:30,0
DA:31,0
DA:32,0
DA:33,0
DA:34,0
DA:35,0
DA:37,0
DA:39,0
DA:43,0
DA:44,0
DA:46,0
DA:47,0
DA:49,0
DA:50,0
DA:53,0
DA:55,0
DA:67,0
DA:69,0
DA:71,0
LF:26
LH:0
BRDA:37,0,0,0
BRDA:43,1,0,0
BRDA:43,1,1,0
BRDA:46,2,0,0
BRDA:46,2,1,0
BRDA:49,3,0,0
BRDA:49,3,1,0
BRDA:49,4,0,0
BRDA:49,4,1,0
BRF:9
BRH:0
end_of_record
TN:
SF:src/modules/users/services/DeleteUserService.ts
FN:7,(anonymous_18)
FN:8,DeleteUserService
FN:13,(anonymous_20)
FNF:3
FNH:0
FNDA:0,(anonymous_18)
FNDA:0,DeleteUserService
FNDA:0,(anonymous_20)
DA:1,0
DA:2,0
DA:7,0
DA:10,0
DA:13,0
DA:14,0
DA:16,0
DA:17,0
DA:20,0
DA:22,0
DA:24,0
LF:11
LH:0
BRDA:14,0,0,0
BRDA:16,1,0,0
BRDA:16,1,1,0
BRF:3
BRH:0
end_of_record
